<?xml version="1.0" encoding="UTF-8"?>
<!DOCTYPE test [ <!ENTITY xxe SYSTEM "file:///etc/passwd"> ]>
<TEI xmlns="http://www.tei-c.org/ns/1.0">
  <teiHeader>
    <fileDesc>
      <titleStmt>
        <title>&xxe;</title>
      </titleStmt>
      <publicationStmt>
        <p>Test</p>
      </publicationStmt>
      <sourceDesc>
        <p>Test</p>
      </sourceDesc>
    </fileDesc>
  </teiHeader>
  <text>
    <body>
      <p>&xxe;</p>
    </body>
  </text>
</TEI>
